2016-01-30 19:23:43,678 [Thread-47:4364] [blog.views:120] [views:do_login] [ERROR]- argument of type 'NoneType' is not iterable
2016-01-30 19:24:22,647 [Thread-78:5668] [blog.views:120] [views:do_login] [ERROR]- argument of type 'NoneType' is not iterable
2016-01-30 22:41:38,828 [Thread-41:7912] [blog.views:120] [views:do_login] [ERROR]- argument of type 'NoneType' is not iterable
2016-01-30 22:41:58,025 [Thread-48:5736] [blog.views:120] [views:do_login] [ERROR]- argument of type 'NoneType' is not iterable
2016-01-31 00:00:33,239 [Thread-56:4912] [blog.views:120] [views:do_login] [ERROR]- argument of type 'NoneType' is not iterable
2016-01-31 16:02:21,697 [Thread-31:11244] [blog.views:156] [views:do_reg] [ERROR]- argument of type 'NoneType' is not iterable
2016-01-31 16:07:46,131 [Thread-55:10552] [blog.views:156] [views:do_reg] [ERROR]- argument of type 'NoneType' is not iterable
2016-01-31 16:15:39,279 [Thread-72:11492] [blog.views:156] [views:do_reg] [ERROR]- (1062, "Duplicate entry 'mudong1991' for key 'username'")
2016-01-31 16:16:13,003 [Thread-75:11700] [blog.views:120] [views:do_login] [ERROR]- argument of type 'NoneType' is not iterable
2016-01-31 16:24:12,003 [Thread-27:6780] [blog.views:156] [views:do_reg] [ERROR]- argument of type 'NoneType' is not iterable
2016-02-07 10:52:46,746 [Thread-374:2928] [blog.views:46] [views:index] [ERROR]- invalid literal for int() with base 10: '`'
2016-02-15 14:57:47,494 [Thread-2:5180] [blog.views:54] [views:index] [ERROR]- (1146, "Table 'mudong_blog.blog_article' doesn't exist")
2016-02-15 14:58:15,516 [Thread-5:5388] [blog.views:54] [views:index] [ERROR]- (1146, "Table 'mudong_blog.blog_article' doesn't exist")
2016-02-15 16:24:40,217 [Thread-4:7152] [blog.views:66] [views:categroy] [ERROR]- 'decimal' codec can't encode characters in position 3-4: invalid decimal Unicode string
2016-02-15 16:24:43,584 [Thread-5:5488] [blog.views:66] [views:categroy] [ERROR]- invalid literal for int() with base 10: 'python'
2016-02-15 16:24:46,381 [Thread-6:6612] [blog.views:66] [views:categroy] [ERROR]- 'decimal' codec can't encode characters in position 2-3: invalid decimal Unicode string
2016-02-15 16:24:47,969 [Thread-11:5664] [blog.views:66] [views:categroy] [ERROR]- invalid literal for int() with base 10: 'django'
2016-02-15 16:24:49,196 [Thread-12:4360] [blog.views:66] [views:categroy] [ERROR]- 'decimal' codec can't encode characters in position 0-3: invalid decimal Unicode string
2016-02-15 16:24:50,802 [Thread-13:3044] [blog.views:66] [views:categroy] [ERROR]- invalid literal for int() with base 10: 'django'
2016-02-15 16:29:22,539 [Thread-2:5432] [blog.views:66] [views:categroy] [ERROR]- invalid literal for int() with base 10: 'django'
2016-02-15 16:29:24,948 [Thread-3:5720] [blog.views:66] [views:categroy] [ERROR]- 'decimal' codec can't encode characters in position 2-3: invalid decimal Unicode string
2016-02-15 16:29:25,855 [Thread-4:6692] [blog.views:66] [views:categroy] [ERROR]- invalid literal for int() with base 10: 'django'
2016-02-15 16:29:27,329 [Thread-5:7104] [blog.views:66] [views:categroy] [ERROR]- 'decimal' codec can't encode characters in position 0-3: invalid decimal Unicode string
2016-02-15 16:29:28,506 [Thread-6:1096] [blog.views:66] [views:categroy] [ERROR]- invalid literal for int() with base 10: 'django'
2016-02-15 16:29:30,049 [Thread-7:5180] [blog.views:66] [views:categroy] [ERROR]- invalid literal for int() with base 10: 'python'
2016-02-15 16:29:31,832 [Thread-8:4940] [blog.views:66] [views:categroy] [ERROR]- invalid literal for int() with base 10: 'django'
2016-02-15 16:35:09,346 [Thread-2:5552] [blog.views:70] [views:categroy] [ERROR]- 'ascii' codec can't decode byte 0xe6 in position 0: ordinal not in range(128)
2016-02-15 16:35:12,210 [Thread-22:6256] [blog.views:70] [views:categroy] [ERROR]- 'ascii' codec can't decode byte 0xe6 in position 0: ordinal not in range(128)
2016-02-15 16:36:03,111 [Thread-28:6972] [blog.views:70] [views:categroy] [ERROR]- 'ascii' codec can't encode characters in position 3-4: ordinal not in range(128)
2016-02-15 16:46:02,615 [Thread-102:5692] [blog.views:70] [views:categroy] [ERROR]- 'ascii' codec can't encode characters in position 2-3: ordinal not in range(128)
2016-02-15 16:46:04,099 [Thread-103:3312] [blog.views:70] [views:categroy] [ERROR]- 'ascii' codec can't encode characters in position 0-3: ordinal not in range(128)
2016-02-15 16:46:05,414 [Thread-105:6548] [blog.views:70] [views:categroy] [ERROR]- 'ascii' codec can't encode characters in position 0-3: ordinal not in range(128)
2016-02-15 17:07:37,065 [Thread-65:3044] [blog.views:180] [views:do_reg] [ERROR]- The joined path (D:\uploads\avatar\2016\02\img.jpg) is located outside of the base path component (D:\workspace\mudong_blog\uploads)
2016-02-15 17:29:50,755 [Thread-36:4568] [blog.views:71] [views:categroy] [ERROR]- 'ascii' codec can't encode characters in position 3-4: ordinal not in range(128)
2016-02-15 17:30:00,990 [Thread-38:6164] [blog.views:71] [views:categroy] [ERROR]- 'ascii' codec can't encode characters in position 3-4: ordinal not in range(128)
2016-02-16 08:52:57,736 [Thread-394:5508] [blog.views:71] [views:categroy] [ERROR]- 'ascii' codec can't encode characters in position 3-4: ordinal not in range(128)
2016-02-16 08:53:02,811 [Thread-396:2508] [blog.views:71] [views:categroy] [ERROR]- 'ascii' codec can't encode characters in position 2-3: ordinal not in range(128)
2016-02-16 08:53:12,721 [Thread-400:5888] [blog.views:71] [views:categroy] [ERROR]- 'ascii' codec can't encode characters in position 3-4: ordinal not in range(128)
2016-02-16 08:54:10,267 [Thread-406:3312] [blog.views:71] [views:categroy] [ERROR]- 'ascii' codec can't encode characters in position 0-3: ordinal not in range(128)
2016-02-16 08:54:14,920 [Thread-407:2332] [blog.views:71] [views:categroy] [ERROR]- 'ascii' codec can't encode characters in position 0-3: ordinal not in range(128)
2016-02-16 08:54:17,069 [Thread-409:6452] [blog.views:71] [views:categroy] [ERROR]- 'ascii' codec can't encode characters in position 0-3: ordinal not in range(128)
2016-02-16 08:54:19,026 [Thread-410:5700] [blog.views:71] [views:categroy] [ERROR]- 'ascii' codec can't encode characters in position 3-4: ordinal not in range(128)
2016-02-16 08:55:09,634 [Thread-53:312] [blog.views:71] [views:categroy] [ERROR]- 'ascii' codec can't encode characters in position 3-4: ordinal not in range(128)
2016-02-16 09:02:41,829 [Thread-2:1224] [blog.views:72] [views:categroy] [ERROR]- 'ascii' codec can't encode characters in position 3-4: ordinal not in range(128)
2016-02-16 09:02:52,506 [Thread-3:3464] [blog.views:72] [views:categroy] [ERROR]- 'ascii' codec can't encode characters in position 3-4: ordinal not in range(128)
2016-02-16 09:03:40,234 [Thread-2:4208] [blog.views:72] [views:categroy] [ERROR]- 'ascii' codec can't encode characters in position 3-4: ordinal not in range(128)
2016-02-16 09:03:55,055 [Thread-13:4632] [blog.views:72] [views:categroy] [ERROR]- 'ascii' codec can't encode characters in position 3-4: ordinal not in range(128)
2016-02-16 09:04:16,262 [Thread-18:2108] [blog.views:72] [views:categroy] [ERROR]- 'ascii' codec can't encode characters in position 3-4: ordinal not in range(128)
2016-02-16 09:09:55,288 [Thread-6:6356] [blog.views:72] [views:categroy] [ERROR]- 'ascii' codec can't decode byte 0xe6 in position 0: ordinal not in range(128)
2016-02-16 09:09:58,346 [Thread-7:7816] [blog.views:72] [views:categroy] [ERROR]- 'ascii' codec can't decode byte 0xe6 in position 0: ordinal not in range(128)
2016-02-16 09:10:00,562 [Thread-11:4572] [blog.views:72] [views:categroy] [ERROR]- 'ascii' codec can't decode byte 0xe6 in position 0: ordinal not in range(128)
2016-02-16 09:10:03,122 [Thread-13:5788] [blog.views:72] [views:categroy] [ERROR]- 'ascii' codec can't decode byte 0xe6 in position 0: ordinal not in range(128)
2016-02-16 09:10:04,506 [Thread-14:4632] [blog.views:72] [views:categroy] [ERROR]- 'ascii' codec can't decode byte 0xe6 in position 0: ordinal not in range(128)
2016-02-16 09:10:11,020 [Thread-17:1468] [blog.views:72] [views:categroy] [ERROR]- 'ascii' codec can't decode byte 0xe6 in position 0: ordinal not in range(128)
2016-02-16 09:10:35,842 [Thread-27:7576] [blog.views:72] [views:categroy] [ERROR]- 'ascii' codec can't encode characters in position 3-4: ordinal not in range(128)
2016-02-16 09:11:05,644 [Thread-27:7000] [blog.views:72] [views:categroy] [ERROR]- 'ascii' codec can't encode characters in position 2-3: ordinal not in range(128)
2016-02-16 09:11:11,358 [Thread-30:4732] [blog.views:72] [views:categroy] [ERROR]- 'ascii' codec can't encode characters in position 3-4: ordinal not in range(128)
2016-02-16 09:12:35,197 [Thread-3:7712] [blog.views:73] [views:categroy] [ERROR]- 'ascii' codec can't encode characters in position 3-4: ordinal not in range(128)
2016-02-16 09:17:44,691 [Thread-5:6728] [blog.views:74] [views:categroy] [ERROR]- 'ascii' codec can't encode characters in position 3-4: ordinal not in range(128)
2016-02-16 09:17:46,907 [Thread-7:4272] [blog.views:74] [views:categroy] [ERROR]- 'ascii' codec can't encode characters in position 2-3: ordinal not in range(128)
2016-02-16 09:17:51,770 [Thread-10:6940] [blog.views:74] [views:categroy] [ERROR]- 'ascii' codec can't encode characters in position 0-3: ordinal not in range(128)
2016-02-16 09:17:53,168 [Thread-12:7768] [blog.views:74] [views:categroy] [ERROR]- 'ascii' codec can't encode characters in position 0-3: ordinal not in range(128)
2016-02-16 09:17:55,973 [Thread-13:7776] [blog.views:74] [views:categroy] [ERROR]- 'ascii' codec can't encode characters in position 3-4: ordinal not in range(128)
2016-02-16 09:18:23,568 [Thread-2:7508] [blog.views:74] [views:categroy] [ERROR]- 'ascii' codec can't encode characters in position 3-4: ordinal not in range(128)
2016-02-16 09:18:52,664 [Thread-4:5156] [blog.views:74] [views:categroy] [ERROR]- 'ascii' codec can't encode characters in position 3-4: ordinal not in range(128)
2016-02-16 09:18:58,094 [Thread-2:7696] [blog.views:74] [views:categroy] [ERROR]- 'ascii' codec can't encode characters in position 3-4: ordinal not in range(128)
2016-02-16 09:19:14,882 [Thread-2:5712] [blog.views:74] [views:categroy] [ERROR]- 'ascii' codec can't encode characters in position 3-4: ordinal not in range(128)
2016-02-16 09:20:03,246 [Thread-2:2552] [blog.views:74] [views:categroy] [ERROR]- 'ascii' codec can't encode characters in position 3-4: ordinal not in range(128)
2016-02-16 09:30:31,005 [Thread-124:2456] [blog.views:73] [views:categroy] [ERROR]- local variable 'category' referenced before assignment
2016-02-16 09:30:33,706 [Thread-125:4208] [blog.views:73] [views:categroy] [ERROR]- local variable 'category' referenced before assignment
2016-02-16 09:30:35,065 [Thread-126:6696] [blog.views:73] [views:categroy] [ERROR]- local variable 'category' referenced before assignment
2016-02-16 09:30:37,095 [Thread-127:2108] [blog.views:73] [views:categroy] [ERROR]- local variable 'category' referenced before assignment
2016-02-16 09:32:15,421 [Thread-130:7264] [blog.views:73] [views:categroy] [ERROR]- local variable 'category' referenced before assignment
2016-02-16 09:32:56,128 [Thread-132:7940] [blog.views:73] [views:categroy] [ERROR]- local variable 'category' referenced before assignment
2016-02-16 09:33:56,404 [Thread-135:5692] [blog.views:73] [views:categroy] [ERROR]- local variable 'category' referenced before assignment
2016-02-16 09:33:58,648 [Thread-155:7636] [blog.views:73] [views:categroy] [ERROR]- local variable 'category' referenced before assignment
2016-02-16 09:34:29,591 [Thread-190:7228] [blog.views:73] [views:categroy] [ERROR]- local variable 'category' referenced before assignment
2016-02-16 09:34:31,040 [Thread-211:7392] [blog.views:73] [views:categroy] [ERROR]- local variable 'category' referenced before assignment
2016-02-16 09:34:32,792 [Thread-210:5800] [blog.views:73] [views:categroy] [ERROR]- local variable 'category' referenced before assignment
2016-02-16 09:34:33,660 [Thread-212:4820] [blog.views:73] [views:categroy] [ERROR]- local variable 'category' referenced before assignment
2016-02-16 09:34:35,026 [Thread-213:5156] [blog.views:73] [views:categroy] [ERROR]- local variable 'category' referenced before assignment
2016-02-16 09:34:35,993 [Thread-214:7752] [blog.views:73] [views:categroy] [ERROR]- local variable 'category' referenced before assignment
2016-02-16 11:30:57,642 [Thread-2:2480] [blog.views:71] [views:categroy] [ERROR]- 'ascii' codec can't decode byte 0xe7 in position 3: ordinal not in range(128)
2016-02-16 11:38:04,293 [Thread-2:5912] [blog.views:54] [views:index] [ERROR]- 'dict' object has no attribute 'title_index'
2016-02-16 11:38:07,028 [Thread-8:6316] [blog.views:54] [views:index] [ERROR]- 'dict' object has no attribute 'title_index'
2016-02-16 11:38:11,346 [Thread-9:6476] [blog.views:54] [views:index] [ERROR]- 'dict' object has no attribute 'title_index'
2016-02-16 14:13:02,760 [Thread-28:7240] [blog.views:95] [views:tag] [ERROR]- Cannot resolve keyword 'tag_contains' into field. Choices are: category, category_id, click_count, comment, content, date_publish, desc, id, is_recommed, like_count, portal, tag, title, url, user, user_id
2016-02-16 14:13:34,480 [Thread-33:7240] [blog.views:95] [views:tag] [ERROR]- Cannot resolve keyword 'tag_contains' into field. Choices are: category, category_id, click_count, comment, content, date_publish, desc, id, is_recommed, like_count, portal, tag, title, url, user, user_id
2016-02-16 14:14:28,438 [Thread-7:8500] [blog.views:95] [views:tag] [ERROR]- Cannot resolve keyword 'tag_contains' into field. Choices are: category, category_id, click_count, comment, content, date_publish, desc, id, is_recommed, like_count, portal, tag, title, url, user, user_id
2016-02-16 14:14:36,135 [Thread-22:8580] [blog.views:95] [views:tag] [ERROR]- Cannot resolve keyword 'tag_contains' into field. Choices are: category, category_id, click_count, comment, content, date_publish, desc, id, is_recommed, like_count, portal, tag, title, url, user, user_id
2016-02-16 18:27:09,834 [Thread-25:348] [blog.views:112] [views:search] [ERROR]- 'ascii' codec can't decode byte 0xe6 in position 0: ordinal not in range(128)
2016-02-16 18:28:28,211 [Thread-27:5128] [blog.views:112] [views:search] [ERROR]- 'ascii' codec can't decode byte 0xe6 in position 0: ordinal not in range(128)
2016-02-16 18:29:14,733 [Thread-48:8988] [blog.views:112] [views:search] [ERROR]- 'ascii' codec can't decode byte 0xe6 in position 0: ordinal not in range(128)
2016-02-16 18:29:37,361 [Thread-69:7788] [blog.views:112] [views:search] [ERROR]- 'ascii' codec can't decode byte 0xe6 in position 0: ordinal not in range(128)
2016-02-16 18:29:40,790 [Thread-89:788] [blog.views:112] [views:search] [ERROR]- 'ascii' codec can't decode byte 0xe6 in position 0: ordinal not in range(128)
2016-02-16 18:30:01,536 [Thread-110:7620] [blog.views:112] [views:search] [ERROR]- 'ascii' codec can't decode byte 0xe6 in position 0: ordinal not in range(128)
2016-02-16 18:30:21,134 [Thread-131:7472] [blog.views:112] [views:search] [ERROR]- 'ascii' codec can't decode byte 0xe6 in position 0: ordinal not in range(128)
2016-02-16 18:30:32,721 [Thread-152:7412] [blog.views:112] [views:search] [ERROR]- 'ascii' codec can't decode byte 0xe6 in position 0: ordinal not in range(128)
2016-02-16 18:30:58,365 [Thread-154:5712] [blog.views:112] [views:search] [ERROR]- 'ascii' codec can't decode byte 0xe6 in position 0: ordinal not in range(128)
2016-02-22 16:32:45,381 [Thread-36:8104] [blog.views:222] [views:do_reg] [ERROR]- Reverse for '' with arguments '()' and keyword arguments '{}' not found. 0 pattern(s) tried: []
2016-02-23 23:15:49,147 [Thread-55:108] [blog.views:112] [views:search] [ERROR]- 'NoneType' object has no attribute 'encode'
2016-02-23 23:15:57,920 [Thread-57:3596] [blog.views:112] [views:search] [ERROR]- 'NoneType' object has no attribute 'encode'
2016-02-23 23:16:03,911 [Thread-59:6552] [blog.views:112] [views:search] [ERROR]- 'NoneType' object has no attribute 'encode'
2016-02-23 23:16:19,346 [Thread-73:6824] [blog.views:112] [views:search] [ERROR]- 'NoneType' object has no attribute 'encode'
